[17:50:29] [main/WARN]: Ambiguity between arguments [teleport, destination] and [teleport, targets] with inputs: [Player, 0123, @e, dd12be42-52a9-4a91-a8a1-11c01849e498]
[17:50:29] [main/WARN]: Ambiguity between arguments [teleport, location] and [teleport, destination] with inputs: [0.1 -0.5 .9, 0 0 0]
[17:50:29] [main/WARN]: Ambiguity between arguments [teleport, location] and [teleport, targets] with inputs: [0.1 -0.5 .9, 0 0 0]
[17:50:29] [main/WARN]: Ambiguity between arguments [teleport, targets] and [teleport, destination] with inputs: [Player, 0123, dd12be42-52a9-4a91-a8a1-11c01849e498]
[17:50:30] [main/WARN]: Ambiguity between arguments [teleport, targets, location] and [teleport, targets, destination] with inputs: [0.1 -0.5 .9, 0 0 0]
[17:50:30] [main/INFO]: Reloading ResourceManager: Default
[17:50:31] [Worker-Main-5/INFO]: Loaded 7 recipes
[17:50:31] [Worker-Main-5/INFO]: Loaded 927 advancements
[17:50:33] [Server thread/INFO]: Starting minecraft server version 1.16.3
[17:50:33] [Server thread/INFO]: Loading properties
[17:50:33] [Server thread/INFO]: Default game type: SURVIVAL
[17:50:33] [Server thread/INFO]: Generating keypair
[17:50:34] [Server thread/INFO]: Starting Minecraft server on *:25565
[17:50:34] [Server thread/INFO]: Using default channel type
[17:50:42] [Server thread/INFO]: Preparing level "world"
[17:51:01] [Server thread/INFO]: Preparing start region for dimension minecraft:overworld
[17:51:02] [Worker-Main-8/INFO]: Preparing spawn area: 0%
[17:51:02] [Worker-Main-9/INFO]: Preparing spawn area: 0%
[17:51:02] [Worker-Main-9/INFO]: Preparing spawn area: 0%
[17:51:03] [Worker-Main-9/INFO]: Preparing spawn area: 0%
[17:51:03] [Worker-Main-9/INFO]: Preparing spawn area: 0%
[17:51:04] [Worker-Main-9/INFO]: Preparing spawn area: 0%
[17:51:05] [Worker-Main-6/INFO]: Preparing spawn area: 0%
[17:51:05] [Worker-Main-6/INFO]: Preparing spawn area: 1%
[17:51:05] [Worker-Main-8/INFO]: Preparing spawn area: 1%
[17:51:06] [Worker-Main-8/INFO]: Preparing spawn area: 2%
[17:51:06] [Worker-Main-6/INFO]: Preparing spawn area: 2%
[17:51:07] [Worker-Main-6/INFO]: Preparing spawn area: 3%
[17:51:07] [Worker-Main-6/INFO]: Preparing spawn area: 3%
[17:51:08] [Worker-Main-8/INFO]: Preparing spawn area: 4%
[17:51:08] [Worker-Main-8/INFO]: Preparing spawn area: 4%
[17:51:09] [Worker-Main-6/INFO]: Preparing spawn area: 4%
[17:51:09] [Worker-Main-8/INFO]: Preparing spawn area: 4%
[17:51:10] [Worker-Main-9/INFO]: Preparing spawn area: 6%
[17:51:11] [Worker-Main-9/INFO]: Preparing spawn area: 7%
[17:51:11] [Worker-Main-9/INFO]: Preparing spawn area: 7%
[17:51:11] [Worker-Main-9/INFO]: Preparing spawn area: 7%
[17:51:12] [Worker-Main-6/INFO]: Preparing spawn area: 7%
[17:51:13] [Worker-Main-6/INFO]: Preparing spawn area: 7%
[17:51:13] [Worker-Main-9/INFO]: Preparing spawn area: 7%
[17:51:13] [Worker-Main-6/INFO]: Preparing spawn area: 7%
[17:51:14] [Worker-Main-6/INFO]: Preparing spawn area: 11%
[17:51:14] [Worker-Main-6/INFO]: Preparing spawn area: 11%
[17:51:15] [Worker-Main-9/INFO]: Preparing spawn area: 11%
[17:51:16] [Worker-Main-6/INFO]: Preparing spawn area: 11%
[17:51:16] [Worker-Main-6/INFO]: Preparing spawn area: 11%
[17:51:16] [Worker-Main-6/INFO]: Preparing spawn area: 11%
[17:51:17] [Worker-Main-9/INFO]: Preparing spawn area: 11%
[17:51:17] [Worker-Main-9/INFO]: Preparing spawn area: 15%
[17:51:18] [Worker-Main-8/INFO]: Preparing spawn area: 15%
[17:51:18] [Worker-Main-9/INFO]: Preparing spawn area: 15%
[17:51:19] [Worker-Main-9/INFO]: Preparing spawn area: 15%
[17:51:19] [Worker-Main-8/INFO]: Preparing spawn area: 15%
[17:51:20] [Worker-Main-9/INFO]: Preparing spawn area: 15%
[17:51:20] [Worker-Main-8/INFO]: Preparing spawn area: 15%
[17:51:21] [Worker-Main-8/INFO]: Preparing spawn area: 15%
[17:51:21] [Worker-Main-8/INFO]: Preparing spawn area: 15%
[17:51:22] [Worker-Main-8/INFO]: Preparing spawn area: 15%
[17:51:22] [Worker-Main-9/INFO]: Preparing spawn area: 15%
[17:51:23] [Worker-Main-6/INFO]: Preparing spawn area: 22%
[17:51:23] [Worker-Main-9/INFO]: Preparing spawn area: 22%
[17:51:24] [Worker-Main-6/INFO]: Preparing spawn area: 22%
[17:51:24] [Worker-Main-6/INFO]: Preparing spawn area: 22%
[17:51:25] [Worker-Main-6/INFO]: Preparing spawn area: 22%
[17:51:26] [Worker-Main-9/INFO]: Preparing spawn area: 22%
[17:51:26] [Worker-Main-9/INFO]: Preparing spawn area: 22%
[17:51:26] [Worker-Main-9/INFO]: Preparing spawn area: 22%
[17:51:27] [Worker-Main-9/INFO]: Preparing spawn area: 22%
[17:51:28] [Worker-Main-6/INFO]: Preparing spawn area: 22%
[17:51:28] [Worker-Main-6/INFO]: Preparing spawn area: 22%
[17:51:28] [Worker-Main-6/INFO]: Preparing spawn area: 22%
[17:51:29] [Worker-Main-6/INFO]: Preparing spawn area: 22%
[17:51:29] [Worker-Main-8/INFO]: Preparing spawn area: 30%
[17:51:30] [Worker-Main-6/INFO]: Preparing spawn area: 30%
[17:51:31] [Worker-Main-8/INFO]: Preparing spawn area: 30%
[17:51:31] [Worker-Main-8/INFO]: Preparing spawn area: 30%
[17:51:31] [Worker-Main-6/INFO]: Preparing spawn area: 30%
[17:51:32] [Worker-Main-8/INFO]: Preparing spawn area: 30%
[17:51:33] [Worker-Main-6/INFO]: Preparing spawn area: 30%
[17:51:33] [Worker-Main-8/INFO]: Preparing spawn area: 34%
[17:51:33] [Worker-Main-9/INFO]: Preparing spawn area: 34%
[17:51:34] [Worker-Main-8/INFO]: Preparing spawn area: 34%
[17:51:34] [Worker-Main-8/INFO]: Preparing spawn area: 34%
[17:51:35] [Worker-Main-8/INFO]: Preparing spawn area: 34%
[17:51:35] [Worker-Main-9/INFO]: Preparing spawn area: 34%
[17:51:36] [Worker-Main-9/INFO]: Preparing spawn area: 34%
[17:51:36] [Worker-Main-8/INFO]: Preparing spawn area: 34%
[17:51:37] [Worker-Main-9/INFO]: Preparing spawn area: 34%
[17:51:37] [Worker-Main-8/INFO]: Preparing spawn area: 34%
[17:51:38] [Worker-Main-9/INFO]: Preparing spawn area: 34%
[17:51:38] [Worker-Main-9/INFO]: Preparing spawn area: 34%
[17:51:39] [Worker-Main-8/INFO]: Preparing spawn area: 42%
[17:51:39] [Worker-Main-6/INFO]: Preparing spawn area: 42%
[17:51:40] [Worker-Main-8/INFO]: Preparing spawn area: 42%
[17:51:40] [Worker-Main-6/INFO]: Preparing spawn area: 42%
[17:51:41] [Worker-Main-6/INFO]: Preparing spawn area: 42%
[17:51:41] [Worker-Main-9/INFO]: Preparing spawn area: 44%
[17:51:42] [Worker-Main-9/INFO]: Preparing spawn area: 44%
[17:51:42] [Worker-Main-6/INFO]: Preparing spawn area: 44%
[17:51:43] [Worker-Main-9/INFO]: Preparing spawn area: 44%
[17:51:44] [Worker-Main-8/INFO]: Preparing spawn area: 44%
[17:51:44] [Worker-Main-8/INFO]: Preparing spawn area: 44%
[17:51:44] [Worker-Main-8/INFO]: Preparing spawn area: 44%
[17:51:49] [Worker-Main-6/INFO]: Preparing spawn area: 48%
[17:51:49] [Worker-Main-8/INFO]: Preparing spawn area: 48%
[17:51:49] [Worker-Main-6/INFO]: Preparing spawn area: 48%
[17:51:49] [Worker-Main-8/INFO]: Preparing spawn area: 48%
[17:51:49] [Worker-Main-8/INFO]: Preparing spawn area: 48%
[17:51:49] [Worker-Main-6/INFO]: Preparing spawn area: 48%
[17:51:49] [Worker-Main-6/INFO]: Preparing spawn area: 48%
[17:51:49] [Worker-Main-6/INFO]: Preparing spawn area: 48%
[17:51:49] [Worker-Main-9/INFO]: Preparing spawn area: 55%
[17:51:51] [Worker-Main-6/INFO]: Preparing spawn area: 55%
[17:51:51] [Worker-Main-9/INFO]: Preparing spawn area: 55%
[17:51:51] [Worker-Main-6/INFO]: Preparing spawn area: 55%
[17:51:56] [Worker-Main-9/INFO]: Preparing spawn area: 56%
[17:51:56] [Worker-Main-6/INFO]: Preparing spawn area: 56%
[17:51:56] [Worker-Main-9/INFO]: Preparing spawn area: 56%
[17:51:56] [Worker-Main-6/INFO]: Preparing spawn area: 56%
[17:51:56] [Worker-Main-9/INFO]: Preparing spawn area: 56%
[17:51:56] [Worker-Main-9/INFO]: Preparing spawn area: 56%
[17:51:57] [Worker-Main-6/INFO]: Preparing spawn area: 56%
[17:51:57] [Worker-Main-9/INFO]: Preparing spawn area: 56%
[17:51:57] [Worker-Main-6/INFO]: Preparing spawn area: 56%
[17:51:57] [Worker-Main-9/INFO]: Preparing spawn area: 56%
[17:51:57] [Worker-Main-6/INFO]: Preparing spawn area: 56%
[17:51:57] [Worker-Main-9/INFO]: Preparing spawn area: 56%
[17:51:57] [Worker-Main-9/INFO]: Preparing spawn area: 56%
[17:51:58] [Worker-Main-6/INFO]: Preparing spawn area: 56%
[17:51:59] [Worker-Main-9/INFO]: Preparing spawn area: 64%
[17:51:59] [Worker-Main-6/INFO]: Preparing spawn area: 64%
[17:51:59] [Worker-Main-9/INFO]: Preparing spawn area: 64%
[17:52:09] [Worker-Main-8/INFO]: Preparing spawn area: 69%
[17:52:09] [Worker-Main-6/INFO]: Preparing spawn area: 69%
[17:52:09] [Worker-Main-8/INFO]: Preparing spawn area: 69%
[17:52:09] [Worker-Main-8/INFO]: Preparing spawn area: 69%
[17:52:09] [Worker-Main-6/INFO]: Preparing spawn area: 69%
[17:52:09] [Worker-Main-6/INFO]: Preparing spawn area: 69%
[17:52:09] [Worker-Main-8/INFO]: Preparing spawn area: 69%
[17:52:10] [Worker-Main-8/INFO]: Preparing spawn area: 69%
[17:52:10] [Worker-Main-6/INFO]: Preparing spawn area: 69%
[17:52:10] [Worker-Main-8/INFO]: Preparing spawn area: 69%
[17:52:10] [Worker-Main-6/INFO]: Preparing spawn area: 69%
[17:52:10] [Worker-Main-8/INFO]: Preparing spawn area: 69%
[17:52:10] [Worker-Main-6/INFO]: Preparing spawn area: 69%
[17:52:11] [Worker-Main-6/INFO]: Preparing spawn area: 69%
[17:52:11] [Worker-Main-8/INFO]: Preparing spawn area: 69%
[17:52:11] [Worker-Main-8/INFO]: Preparing spawn area: 69%
[17:52:11] [Worker-Main-6/INFO]: Preparing spawn area: 69%
[17:52:11] [Worker-Main-8/INFO]: Preparing spawn area: 69%
[17:52:11] [Worker-Main-6/INFO]: Preparing spawn area: 69%
[17:52:11] [Worker-Main-6/INFO]: Preparing spawn area: 69%
[17:52:11] [Worker-Main-8/INFO]: Preparing spawn area: 69%
[17:52:11] [Worker-Main-8/INFO]: Preparing spawn area: 69%
[17:52:11] [Worker-Main-8/INFO]: Preparing spawn area: 69%
[17:52:11] [Worker-Main-8/INFO]: Preparing spawn area: 69%
[17:52:12] [Worker-Main-8/INFO]: Preparing spawn area: 79%
[17:52:13] [Worker-Main-8/INFO]: Preparing spawn area: 79%
[17:52:13] [Worker-Main-9/INFO]: Preparing spawn area: 79%
[17:52:17] [Worker-Main-8/INFO]: Preparing spawn area: 84%
[17:52:17] [Worker-Main-8/INFO]: Preparing spawn area: 84%
[17:52:17] [Worker-Main-6/INFO]: Preparing spawn area: 84%
[17:52:17] [Worker-Main-6/INFO]: Preparing spawn area: 84%
[17:52:17] [Worker-Main-9/INFO]: Preparing spawn area: 84%
[17:52:17] [Worker-Main-9/INFO]: Preparing spawn area: 84%
[17:52:17] [Worker-Main-9/INFO]: Preparing spawn area: 84%
[17:52:17] [Worker-Main-6/INFO]: Preparing spawn area: 84%
[17:52:17] [Worker-Main-9/INFO]: Preparing spawn area: 84%
[17:52:19] [Worker-Main-9/INFO]: Preparing spawn area: 93%
[17:52:19] [Worker-Main-9/INFO]: Preparing spawn area: 93%
[17:52:19] [Worker-Main-6/INFO]: Preparing spawn area: 93%
[17:52:19] [Worker-Main-6/INFO]: Preparing spawn area: 97%
[17:52:19] [Worker-Main-6/INFO]: Preparing spawn area: 97%
[17:52:20] [Server thread/INFO]: Time elapsed: 78124 ms
[17:52:20] [Server thread/INFO]: Done (97.579s)! For help, type "help"
[17:55:59] [User Authenticator #1/INFO]: UUID of player SlyZ_ is b569cd0c-685b-4991-9bca-895dd8cda963
[17:55:59] [Server thread/INFO]: SlyZ_[/127.0.0.1:58096] logged in with entity id 190 at (-90.5, 64.0, 101.5)
[17:56:00] [Server thread/INFO]: SlyZ_ joined the game
[17:57:23] [Server thread/WARN]: Can't keep up! Is the server overloaded? Running 3679ms or 73 ticks behind
[17:59:25] [Server thread/INFO]: SlyZ_ has made the advancement [Stone Age]
[17:59:37] [Server thread/INFO]: SlyZ_ has made the advancement [Getting an Upgrade]
[17:59:57] [Server thread/INFO]: SlyZ_ has made the advancement [Monster Hunter]
[18:01:16] [User Authenticator #2/INFO]: UUID of player AlixTeBZ is 44febb76-b98f-4c47-a90b-5488e37cf496
[18:01:16] [Server thread/INFO]: AlixTeBZ[/25.80.119.227:54969] logged in with entity id 1155 at (-89.5, 63.0, 90.5)
[18:01:16] [Server thread/INFO]: AlixTeBZ joined the game
[18:01:29] [Server thread/WARN]: Mismatch in destroy block pos: fx{x=0, y=0, z=0} fx{x=-98, y=63, z=97}
[18:01:29] [Server thread/WARN]: Mismatch in destroy block pos: fx{x=0, y=0, z=0} fx{x=-97, y=63, z=97}
[18:01:29] [Server thread/WARN]: Mismatch in destroy block pos: fx{x=0, y=0, z=0} fx{x=-97, y=63, z=97}
[18:01:30] [Server thread/WARN]: Mismatch in destroy block pos: fx{x=0, y=0, z=0} fx{x=-96, y=63, z=97}
[18:01:30] [Server thread/WARN]: Mismatch in destroy block pos: fx{x=0, y=0, z=0} fx{x=-95, y=63, z=97}
[18:01:30] [Server thread/WARN]: Mismatch in destroy block pos: fx{x=0, y=0, z=0} fx{x=-94, y=63, z=97}
[18:01:58] [Server thread/WARN]: Mismatch in destroy block pos: fx{x=0, y=0, z=0} fx{x=-82, y=66, z=103}
[18:02:21] [Server thread/WARN]: Mismatch in destroy block pos: fx{x=0, y=0, z=0} fx{x=-82, y=65, z=103}
[18:02:39] [Server thread/INFO]: [SlyZ_: Made Slyz a server operator]
[18:02:42] [Server thread/INFO]: [SlyZ_: Made AlixTeBZ a server operator]
[18:02:51] [Server thread/INFO]: [SlyZ_: Teleported AlixTeBZ to SlyZ_]
[18:03:13] [Server thread/INFO]: AlixTeBZ has made the advancement [Stone Age]
[18:03:33] [Server thread/INFO]: AlixTeBZ has made the advancement [Getting an Upgrade]
[18:03:47] [Server thread/INFO]: AlixTeBZ has made the advancement [Monster Hunter]
[18:04:54] [Server thread/INFO]: AlixTeBZ has made the advancement [Acquire Hardware]
[18:05:20] [Server thread/INFO]: AlixTeBZ has made the advancement [Hot Stuff]
[18:05:35] [Server thread/INFO]: SlyZ_ has made the advancement [Acquire Hardware]
[18:06:41] [Server thread/INFO]: SlyZ_ has made the advancement [Suit Up]
[18:06:45] [Server thread/INFO]: AlixTeBZ has made the advancement [Suit Up]
[18:08:18] [Server thread/INFO]: SlyZ_ fell from a high place
[18:08:29] [Server thread/INFO]: [SlyZ_: Teleported SlyZ_ to AlixTeBZ]
[18:09:13] [Server thread/INFO]: AlixTeBZ has made the advancement [Isn't It Iron Pick]
[18:12:08] [Server thread/INFO]: SlyZ_ has made the advancement [Isn't It Iron Pick]
[18:14:14] [Server thread/INFO]: AlixTeBZ has made the advancement [Not Today, Thank You]
[18:14:50] [Server thread/INFO]: AlixTeBZ has made the advancement [Take Aim]
[18:17:25] [Server thread/WARN]: Can't keep up! Is the server overloaded? Running 2183ms or 43 ticks behind
[18:19:29] [Server thread/INFO]: [SlyZ_: Set the weather to clear]
[18:22:32] [Server thread/WARN]: AlixTeBZ moved too quickly! -2.8470898894482843,-2.121296840539202,9.707042771410272
[18:22:32] [Server thread/WARN]: SlyZ_ moved too quickly! 7.933420602317881,-6.304316827457541,-0.2642450585105962
[18:22:32] [Server thread/WARN]: Can't keep up! Is the server overloaded? Running 6410ms or 128 ticks behind
[18:26:20] [Server thread/INFO]: [SlyZ_: Set the weather to clear]
[18:27:36] [Server thread/WARN]: Boat (vehicle of SlyZ_) moved too quickly! 5.514255694059443,0.0,8.722352773059356
[18:27:36] [Server thread/WARN]: Boat (vehicle of SlyZ_) moved too quickly! 5.719399818023703,0.0,9.064992995380749
[18:27:36] [Server thread/WARN]: Boat (vehicle of SlyZ_) moved too quickly! 5.924957579748536,0.0,9.407457549309129
[18:27:36] [Server thread/WARN]: Boat (vehicle of SlyZ_) moved too quickly! 6.130926818540445,0.0,9.749739899059819
[18:27:36] [Server thread/WARN]: Boat (vehicle of SlyZ_) moved too quickly! 6.337299036989748,0.0,10.091838148487227
[18:27:36] [Server thread/WARN]: Boat (vehicle of SlyZ_) moved too quickly! 6.544063305447139,0.0,10.433752576640245
[18:27:36] [Server thread/WARN]: Boat (vehicle of SlyZ_) moved too quickly! 6.7512097704647545,0.0,10.775483408585842
[18:27:36] [Server thread/WARN]: Boat (vehicle of SlyZ_) moved too quickly! 6.958726291272171,0.0,11.117032839914373
[18:27:36] [Server thread/WARN]: Boat (vehicle of SlyZ_) moved too quickly! 7.166595412605091,0.0,11.458406877421453
[18:27:36] [Server thread/WARN]: Boat (vehicle of SlyZ_) moved too quickly! 7.374804673179199,0.0,11.79960888948915
[18:27:36] [Server thread/WARN]: Boat (vehicle of SlyZ_) moved too quickly! 7.583336338580807,0.0,12.140645945875917
[18:27:36] [Server thread/WARN]: Boat (vehicle of SlyZ_) moved too quickly! 7.7921744422502,0.0,12.481524405638766
[18:27:36] [Server thread/WARN]: Boat (vehicle of SlyZ_) moved too quickly! 8.001304610558634,0.0,12.822249980753213
[18:27:36] [Server thread/WARN]: Boat (vehicle of SlyZ_) moved too quickly! 8.210710649474322,0.0,13.162829834829495
[18:27:36] [Server thread/WARN]: Boat (vehicle of SlyZ_) moved too quickly! 8.42037472846522,0.0,13.503272445400057
[18:27:36] [Server thread/WARN]: Boat (vehicle of SlyZ_) moved too quickly! 8.630284052231332,0.0,13.843583404510014
[18:27:36] [Server thread/WARN]: Boat (vehicle of SlyZ_) moved too quickly! 8.840423847236707,0.0,14.183769775283054
[18:27:36] [Server thread/WARN]: Boat (vehicle of SlyZ_) moved too quickly! 9.05077756698347,0.0,14.523839944813517
[18:27:36] [Server thread/WARN]: Boat (vehicle of SlyZ_) moved too quickly! 9.261333571802368,0.0,14.863799427477602
[18:27:36] [Server thread/WARN]: Boat (vehicle of SlyZ_) moved too quickly! 9.472078131950298,0.0,15.203655216497054
[18:27:36] [Server thread/WARN]: Boat (vehicle of SlyZ_) moved too quickly! 9.682998888796135,0.0,15.543413609496497
[18:27:36] [Server thread/WARN]: Can't keep up! Is the server overloaded? Running 4310ms or 86 ticks behind
[18:27:36] [Server thread/WARN]: Boat (vehicle of SlyZ_) moved too quickly! 5.430304895835093,0.0,8.861418120165467
[18:27:36] [Server thread/WARN]: Boat (vehicle of SlyZ_) moved too quickly! 5.642048703296098,0.0,9.200715575485333
[18:27:36] [Server thread/WARN]: Boat (vehicle of SlyZ_) moved too quickly! 5.853898015052835,0.0,9.53995312111374
[18:27:36] [Server thread/WARN]: Boat (vehicle of SlyZ_) moved too quickly! 6.065845527263775,0.0,9.879134706562127
[18:27:36] [Server thread/WARN]: Boat (vehicle of SlyZ_) moved too quickly! 6.277881419881112,0.0,10.21826592784987
[18:27:36] [Server thread/WARN]: Boat (vehicle of SlyZ_) moved too quickly! 6.4900001033152535,0.0,10.55734977993518
[18:27:36] [Server thread/WARN]: Boat (vehicle of SlyZ_) moved too quickly! 6.702196545073036,0.0,10.89638895828034
[18:27:36] [Server thread/WARN]: Boat (vehicle of SlyZ_) moved too quickly! 6.914462969320255,0.0,11.235387930260345
[18:27:36] [Server thread/WARN]: Boat (vehicle of SlyZ_) moved too quickly! 7.126795624396777,0.0,11.57434867505367
[18:27:36] [Server thread/WARN]: Boat (vehicle of SlyZ_) moved too quickly! 7.339187887218088,0.0,11.913275015379895
[18:27:36] [Server thread/WARN]: Boat (vehicle of SlyZ_) moved too quickly! 7.5516337970082645,0.0,12.25217039168649
[18:27:36] [Server thread/WARN]: Boat (vehicle of SlyZ_) moved too quickly! 7.764131235659704,0.0,12.591035858917166
[18:27:36] [Server thread/WARN]: Boat (vehicle of SlyZ_) moved too quickly! 7.976675050284996,0.0,12.92987440798015
[18:27:36] [Server thread/WARN]: Boat (vehicle of SlyZ_) moved too quickly! 8.189260603285675,0.0,13.26868873069293
[18:27:36] [Server thread/WARN]: Boat (vehicle of SlyZ_) moved too quickly! 8.401886967413702,0.0,13.607479208232007
[18:27:36] [Server thread/WARN]: Boat (vehicle of SlyZ_) moved too quickly! 8.614550061555349,0.0,13.946248225115255
[18:27:36] [Server thread/WARN]: Boat (vehicle of SlyZ_) moved too quickly! 8.827246212708417,0.0,14.284997927408767
[18:27:36] [Server thread/WARN]: Boat (vehicle of SlyZ_) moved too quickly! 9.03997211517094,0.0,14.623730246571995
[18:27:36] [Server thread/WARN]: Boat (vehicle of SlyZ_) moved too quickly! 9.25272803853909,0.0,14.962444879459326
[18:27:36] [Server thread/WARN]: Boat (vehicle of SlyZ_) moved too quickly! 9.46551098072166,0.0,15.301143594698829
[18:27:36] [Server thread/WARN]: Boat (vehicle of SlyZ_) moved too quickly! 9.678318239836528,0.0,15.6398279840555
[18:27:36] [Server thread/WARN]: Boat (vehicle of SlyZ_) moved too quickly! 5.523967489115421,0.0,8.811024097428458
[18:27:36] [Server thread/WARN]: Boat (vehicle of SlyZ_) moved too quickly! 5.736877293478926,0.0,9.149648074098764
[18:27:36] [Server thread/WARN]: Boat (vehicle of SlyZ_) moved too quickly! 5.949798728553617,0.0,9.488265198745012
[18:27:36] [Server thread/WARN]: Boat (vehicle of SlyZ_) moved too quickly! 6.162733877858557,0.0,9.82687411511074
[18:27:36] [Server thread/WARN]: Boat (vehicle of SlyZ_) moved too quickly! 6.375681369970437,0.0,10.165475644024127
[18:27:36] [Server thread/WARN]: Boat (vehicle of SlyZ_) moved too quickly! 6.588639970608256,0.0,10.504070524230656
[18:27:36] [Server thread/WARN]: Boat (vehicle of SlyZ_) moved too quickly! 6.801608568919164,0.0,10.84265942060108
[18:27:36] [Server thread/WARN]: Boat (vehicle of SlyZ_) moved too quickly! 7.014586165135597,0.0,11.18124293151925
[18:27:36] [Server thread/WARN]: Boat (vehicle of SlyZ_) moved too quickly! 7.227571859466764,0.0,11.519821595530516
[18:27:36] [Server thread/WARN]: Boat (vehicle of SlyZ_) moved too quickly! 7.4405648421010255,0.0,11.858395897325636
[18:27:36] [Server thread/WARN]: Boat (vehicle of SlyZ_) moved too quickly! 7.653564384207925,0.0,12.19696627312635
[18:27:36] [Server thread/WARN]: Boat (vehicle of SlyZ_) moved too quickly! 5.5232570640961285,0.0,8.811459802318495
[18:32:01] [Server thread/INFO]: [SlyZ_: Set the weather to clear]
[18:32:41] [Server thread/WARN]: AlixTeBZ moved too quickly! -3.8131016321800644,1.5002883989199631,9.38349893648683
[18:32:41] [Server thread/WARN]: Can't keep up! Is the server overloaded? Running 5024ms or 100 ticks behind
[18:37:45] [Server thread/WARN]: AlixTeBZ moved too quickly! 6.7671248560903905,1.0,7.396578423064739
[18:37:45] [Server thread/WARN]: SlyZ_ moved too quickly! 4.890342150063702,2.7491326388584127,8.505518398510958
[18:37:45] [Server thread/WARN]: Can't keep up! Is the server overloaded? Running 4254ms or 85 ticks behind
[18:38:03] [Server thread/INFO]: [SlyZ_: Set the weather to clear]
[18:42:49] [Server thread/WARN]: SlyZ_ moved too quickly! 7.454473070063841,2.3693736602695026,6.471867888290944
[18:42:49] [Server thread/WARN]: AlixTeBZ moved too quickly! 5.040152946815624,5.072427803680441,7.21130895434726
[18:42:49] [Server thread/WARN]: Can't keep up! Is the server overloaded? Running 4083ms or 81 ticks behind
[18:43:11] [Server thread/INFO]: [SlyZ_: Set the weather to clear]
[18:44:00] [Server thread/INFO]: AlixTeBZ has made the advancement [Sweet Dreams]
[18:44:01] [Server thread/INFO]: SlyZ_ has made the advancement [Sweet Dreams]
[18:47:54] [Server thread/WARN]: SlyZ_ moved too quickly! -9.883522253273895,2.1708129081422953,0.8526957402668813
[18:47:54] [Server thread/WARN]: AlixTeBZ moved too quickly! -9.830863282966789,0.1199608614270602,-2.825014143753833
[18:47:54] [Server thread/WARN]: Can't keep up! Is the server overloaded? Running 4558ms or 91 ticks behind
[18:48:21] [Server thread/INFO]: [SlyZ_: Set the weather to clear]
[18:50:48] [Server thread/INFO]: <AlixTeBZ> je vous aime tous lol :>
[18:52:58] [Server thread/WARN]: SlyZ_ moved too quickly! 2.005970997383315,-2.176759275064242,9.758560415647025
[18:52:58] [Server thread/WARN]: AlixTeBZ moved too quickly! -9.71813461245921,2.4129092804170114,0.880404913298662
[18:52:58] [Server thread/WARN]: Can't keep up! Is the server overloaded? Running 4221ms or 84 ticks behind
[18:53:41] [Server thread/INFO]: [SlyZ_: Set the weather to clear]
[18:58:02] [Server thread/WARN]: Can't keep up! Is the server overloaded? Running 4007ms or 80 ticks behind
[18:59:26] [Server thread/INFO]: AlixTeBZ has made the advancement [We Need to Go Deeper]
[18:59:26] [Server thread/WARN]: Can't keep up! Is the server overloaded? Running 2038ms or 40 ticks behind
[18:59:36] [Server thread/INFO]: [SlyZ_: Set the weather to clear]
[18:59:59] [Server thread/INFO]: SlyZ_ has made the advancement [We Need to Go Deeper]
[19:02:29] [User Authenticator #3/INFO]: UUID of player Lunithh_ is eadd114a-a63d-401e-ae9f-fb986833c7a7
[19:02:29] [Server thread/INFO]: Lunithh_[/25.69.3.192:54922] logged in with entity id 20405 at (-92.5, 63.0, 92.5)
[19:02:29] [Server thread/INFO]: Lunithh_ joined the game
[19:02:34] [Server thread/WARN]: Mismatch in destroy block pos: fx{x=0, y=0, z=0} fx{x=-88, y=64, z=102}
[19:02:35] [Server thread/INFO]: Lunithh_ has made the advancement [We Need to Go Deeper]
[19:02:35] [Server thread/INFO]: [SlyZ_: Teleported Lunithh_ to SlyZ_]
[19:02:42] [Server thread/INFO]: Lunithh_ has made the advancement [Acquire Hardware]
[19:03:07] [Server thread/WARN]: Lunithh_ moved too quickly! -10.02732745507074,-1.0013359791121488,-0.8655703178409908
[19:03:07] [Server thread/WARN]: Can't keep up! Is the server overloaded? Running 2660ms or 53 ticks behind
[19:04:02] [Server thread/INFO]: AlixTeBZ has made the advancement [A Terrible Fortress]
[19:06:49] [Server thread/INFO]: AlixTeBZ has made the advancement [Into Fire]
[19:06:55] [Server thread/INFO]: SlyZ_ fell from a high place
[19:07:02] [Server thread/INFO]: [SlyZ_: Teleported SlyZ_ to AlixTeBZ]
[19:07:02] [Server thread/INFO]: SlyZ_ has made the advancement [A Terrible Fortress]
[19:08:10] [Server thread/WARN]: Can't keep up! Is the server overloaded? Running 2813ms or 56 ticks behind
[19:09:50] [Server thread/WARN]: Can't keep up! Is the server overloaded? Running 2027ms or 40 ticks behind
[19:10:29] [Server thread/INFO]: Lunithh_ tried to swim in lava
[19:10:46] [Server thread/WARN]: Mismatch in destroy block pos: fx{x=0, y=0, z=0} fx{x=-82, y=65, z=103}
[19:10:46] [Server thread/WARN]: Mismatch in destroy block pos: fx{x=0, y=0, z=0} fx{x=-83, y=64, z=102}
[19:10:56] [Server thread/WARN]: Mismatch in destroy block pos: fx{x=0, y=0, z=0} fx{x=-82, y=65, z=103}
[19:10:57] [Server thread/WARN]: Mismatch in destroy block pos: fx{x=0, y=0, z=0} fx{x=-82, y=65, z=103}
[19:10:57] [Server thread/WARN]: Mismatch in destroy block pos: fx{x=0, y=0, z=0} fx{x=-82, y=66, z=103}
[19:10:57] [Server thread/WARN]: Mismatch in destroy block pos: fx{x=0, y=0, z=0} fx{x=-82, y=67, z=102}
[19:11:14] [Server thread/WARN]: Mismatch in destroy block pos: fx{x=0, y=0, z=0} fx{x=-81, y=65, z=111}
[19:11:26] [Server thread/WARN]: Mismatch in destroy block pos: fx{x=0, y=0, z=0} fx{x=-82, y=66, z=103}
[19:11:26] [Server thread/WARN]: Mismatch in destroy block pos: fx{x=0, y=0, z=0} fx{x=-82, y=65, z=103}
[19:11:43] [Server thread/INFO]: AlixTeBZ was burnt to a crisp whilst fighting Blaze
[19:11:48] [Server thread/INFO]: AlixTeBZ lost connection: Disconnected
[19:11:48] [Server thread/INFO]: AlixTeBZ left the game
[19:12:00] [User Authenticator #4/INFO]: UUID of player AlixTeBZ is 44febb76-b98f-4c47-a90b-5488e37cf496
[19:12:00] [Server thread/INFO]: AlixTeBZ[/25.80.119.227:55706] logged in with entity id 23345 at (-35.5, 64.0, 2793.5)
[19:12:00] [Server thread/INFO]: AlixTeBZ joined the game
[19:12:10] [Server thread/INFO]: [AlixTeBZ: Teleported AlixTeBZ to SlyZ_]
[19:12:14] [Server thread/INFO]: SlyZ_ was burnt to a crisp whilst fighting Blaze
[19:12:14] [Server thread/WARN]: Mismatch in destroy block pos: fx{x=-84, y=70, z=129} fx{x=-80, y=59, z=102}
[19:12:17] [Server thread/INFO]: Lunithh_ has made the advancement [Stone Age]
[19:12:20] [Server thread/INFO]: [SlyZ_: Teleported SlyZ_ to AlixTeBZ]
[19:12:33] [Server thread/WARN]: Mismatch in destroy block pos: fx{x=-78, y=58, z=101} fx{x=-80, y=58, z=101}
[19:12:35] [Server thread/WARN]: Mismatch in destroy block pos: fx{x=-78, y=58, z=101} fx{x=-80, y=59, z=102}
[19:13:02] [Server thread/INFO]: AlixTeBZ was burnt to a crisp whilst fighting Blaze
[19:13:05] [Server thread/INFO]: [AlixTeBZ: Teleported AlixTeBZ to SlyZ_]
[19:13:05] [Server thread/INFO]: Lunithh_ has made the advancement [Getting an Upgrade]
[19:13:15] [Server thread/WARN]: Lunithh_ moved too quickly! 7.931214108174956,-3.592493010342835,5.395034541833155
[19:13:15] [Server thread/WARN]: Can't keep up! Is the server overloaded? Running 3620ms or 72 ticks behind
[19:13:19] [Server thread/INFO]: SlyZ_ has made the advancement [Into Fire]
[19:13:30] [Server thread/INFO]: SlyZ_ withered away whilst fighting Wither Skeleton
[19:13:43] [Server thread/INFO]: [SlyZ_: Teleported SlyZ_ to AlixTeBZ]
[19:14:17] [Server thread/INFO]: [AlixTeBZ: Teleported SlyZ_ to Lunithh_]
[19:14:22] [Server thread/INFO]: [SlyZ_: Teleported SlyZ_ to AlixTeBZ]
[19:14:25] [Server thread/INFO]: [AlixTeBZ: Teleported AlixTeBZ to Lunithh_]
[19:14:31] [Server thread/INFO]: [SlyZ_: Teleported SlyZ_ to AlixTeBZ]
[19:14:53] [Server thread/INFO]: AlixTeBZ fell out of the world
[19:14:53] [Server thread/INFO]: [SlyZ_: Killed AlixTeBZ]
[19:15:02] [Server thread/INFO]: [SlyZ_: Teleported SlyZ_ to AlixTeBZ]
[19:15:02] [Server thread/WARN]: SlyZ_ moved too quickly! -7.800000011920929,-6.0,2578.956993528832
[19:15:08] [Server thread/INFO]: [SlyZ_: Teleported AlixTeBZ to Lunithh_]
[19:15:25] [Server thread/INFO]: [AlixTeBZ: Set the weather to clear]
[19:15:55] [Server thread/INFO]: [SlyZ_: Teleported SlyZ_ to AlixTeBZ]
[19:15:55] [Server thread/WARN]: SlyZ_ moved too quickly! 6.397339381347063,7.686687078744683,-2571.4224678716964
[19:15:55] [Server thread/WARN]: SlyZ_ moved too quickly! 6.397339381347063,7.686687078744683,-2571.4224678716964
[19:15:55] [Server thread/WARN]: SlyZ_ moved too quickly! 6.397339381347063,7.686687078744683,-2571.4224678716964
[19:16:45] [Server thread/WARN]: Can't keep up! Is the server overloaded? Running 2024ms or 40 ticks behind
[19:17:01] [Server thread/INFO]: [AlixTeBZ: Teleported AlixTeBZ to Lunithh_]
[19:17:05] [Server thread/WARN]: Can't keep up! Is the server overloaded? Running 5239ms or 104 ticks behind
[19:17:09] [Server thread/INFO]: Lunithh_ was blown up by Creeper
[19:17:10] [Server thread/WARN]: Lunithh_ moved wrongly!
[19:18:27] [Server thread/WARN]: Lunithh_ moved too quickly! 1.4254721264382937,0.5061351021062208,-9.940783601835392
[19:18:27] [Server thread/WARN]: SlyZ_ moved too quickly! 7.565552715736601,0.04353562014750878,-7.030442441795401
[19:18:27] [Server thread/WARN]: Can't keep up! Is the server overloaded? Running 4335ms or 86 ticks behind
[19:18:35] [Server thread/INFO]: [AlixTeBZ: Teleported AlixTeBZ to SlyZ_]
[19:18:53] [Server thread/INFO]: [AlixTeBZ: Teleported AlixTeBZ to SlyZ_]
[19:19:41] [Server thread/INFO]: [SlyZ_: Teleported AlixTeBZ to SlyZ_]
[19:19:44] [Server thread/INFO]: AlixTeBZ tried to swim in lava to escape SlyZ_
[19:19:45] [Server thread/INFO]: [SlyZ_: Teleported AlixTeBZ to SlyZ_]
[19:19:47] [Server thread/INFO]: AlixTeBZ lost connection: Disconnected
[19:19:47] [Server thread/INFO]: AlixTeBZ left the game
[19:20:21] [Server thread/INFO]: [SlyZ_: Teleported Lunithh_ to SlyZ_]
[19:20:26] [Server thread/INFO]: Lunithh_ fell from a high place
[19:20:34] [Server thread/INFO]: [SlyZ_: Teleported SlyZ_ to Lunithh_]
[19:20:34] [Server thread/WARN]: SlyZ_ moved too quickly! -258.11109930031273,-61.97129388990645,-334.5146188722629
[19:20:34] [Server thread/WARN]: SlyZ_ moved too quickly! -258.11109930031273,-61.97129388990645,-334.5146188722629
[19:20:41] [Server thread/WARN]: Mismatch in destroy block pos: fx{x=0, y=0, z=0} fx{x=-80, y=63, z=104}
[19:20:54] [Server thread/INFO]: Lunithh_ lost connection: Disconnected
[19:20:54] [Server thread/INFO]: Lunithh_ left the game
[19:20:58] [Server thread/INFO]: SlyZ_ lost connection: Disconnected
[19:20:58] [Server thread/INFO]: SlyZ_ left the game
[19:21:03] [Server thread/INFO]: Stopping the server
[19:21:03] [Server thread/INFO]: Stopping server
[19:21:03] [Server thread/INFO]: Saving players
[19:21:03] [Server thread/INFO]: Saving worlds
[19:21:03] [Server thread/INFO]: Saving chunks for level 'ServerLevel[world]'/minecraft:overworld
[19:21:07] [Server thread/INFO]: ThreadedAnvilChunkStorage (world): All chunks are saved
[19:21:07] [Server thread/INFO]: Saving chunks for level 'ServerLevel[world]'/minecraft:the_nether
[19:21:07] [Server thread/INFO]: ThreadedAnvilChunkStorage (DIM-1): All chunks are saved
[19:21:07] [Server thread/INFO]: Saving chunks for level 'ServerLevel[world]'/minecraft:the_end
[19:21:07] [Server thread/INFO]: ThreadedAnvilChunkStorage (DIM1): All chunks are saved
[19:21:07] [Server thread/INFO]: ThreadedAnvilChunkStorage (world): All chunks are saved
[19:21:09] [Server thread/INFO]: ThreadedAnvilChunkStorage (DIM-1): All chunks are saved
[19:21:09] [Server thread/INFO]: ThreadedAnvilChunkStorage (DIM1): All chunks are saved
